<?xml version="1.0" encoding="UTF-8"?>
<!-- Generated by org.testng.reporters.JUnitReportReporter -->
<testsuite skipped="0" hostname="zConL-42" name="testcase.LoginTest" tests="1" failures="0" timestamp="2020-01-06T12:51:23 IST" time="5.132" errors="0">
  <testcase name="loginAsBankManager" time="5.132" classname="testcase.LoginTest"/>
</testsuite> <!-- testcase.LoginTest -->
